<?xml version="1.0" encoding="utf-8" standalone="no"?>
<!--This file represents the results of running a test suite-->
<test-results name="C:\Users\DjEnjin\Desktop\422\hw 6\repo\bin\Debug\422BankApplicationSharp.exe" total="630" errors="0" failures="0" not-run="0" inconclusive="0" ignored="0" skipped="0" invalid="0" date="2013-11-13" time="22:26:39">
  <environment nunit-version="2.6.3.13283" clr-version="2.0.50727.5472" os-version="Microsoft Windows NT 6.1.7601 Service Pack 1" platform="Win32NT" cwd="C:\Program Files (x86)\NUnit 2.6.3\bin" machine-name="DJENIN-HP" user="DjEnjin" user-domain="DjEnin-HP" />
  <culture-info current-culture="en-US" current-uiculture="en-US" />
  <test-suite type="Assembly" name="C:\Users\DjEnjin\Desktop\422\hw 6\repo\bin\Debug\422BankApplicationSharp.exe" executed="True" result="Success" success="True" time="1.883" asserts="0">
    <results>
      <test-suite type="Namespace" name="_422BankApplicationSharp" executed="True" result="Success" success="True" time="1.882" asserts="0">
        <results>
          <test-suite type="TestFixture" name="testAccount" executed="True" result="Success" success="True" time="1.664" asserts="0">
            <results>
              <test-suite type="ParameterizedTest" name="testAccountCopy" executed="True" result="Success" success="True" time="0.635" asserts="0">
                <results>
                  <test-case name="_422BankApplicationSharp.testAccount.testAccountCopy(-10.0d,1,&quot;young&quot;,&quot;1-1-13&quot;)" executed="True" result="Success" success="True" time="0.020" asserts="4" />
                  <test-case name="_422BankApplicationSharp.testAccount.testAccountCopy(-10.0d,1,&quot;young&quot;,&quot;may 4th 2009&quot;)" executed="True" result="Success" success="True" time="0.000" asserts="4" />
                  <test-case name="_422BankApplicationSharp.testAccount.testAccountCopy(-10.0d,1,&quot;young&quot;,&quot;1-2-30000&quot;)" executed="True" result="Success" success="True" time="0.000" asserts="4" />
                  <test-case name="_422BankApplicationSharp.testAccount.testAccountCopy(-10.0d,1,&quot;young&quot;,&quot;11/12/13&quot;)" executed="True" result="Success" success="True" time="0.000" asserts="4" />
                  <test-case name="_422BankApplicationSharp.testAccount.testAccountCopy(-10.0d,1,&quot;young&quot;,&quot;this is not a date&quot;)" executed="True" result="Success" success="True" time="0.000" asserts="4" />
                  <test-case name="_422BankApplicationSharp.testAccount.testAccountCopy(-10.0d,1,&quot;alex&quot;,&quot;1-1-13&quot;)" executed="True" result="Success" success="True" time="0.000" asserts="4" />
                  <test-case name="_422BankApplicationSharp.testAccount.testAccountCopy(-10.0d,1,&quot;alex&quot;,&quot;may 4th 2009&quot;)" executed="True" result="Success" success="True" time="0.000" asserts="4" />
                  <test-case name="_422BankApplicationSharp.testAccount.testAccountCopy(-10.0d,1,&quot;alex&quot;,&quot;1-2-30000&quot;)" executed="True" result="Success" success="True" time="0.000" asserts="4" />
                  <test-case name="_422BankApplicationSharp.testAccount.testAccountCopy(-10.0d,1,&quot;alex&quot;,&quot;11/12/13&quot;)" executed="True" result="Success" success="True" time="0.000" asserts="4" />
                  <test-case name="_422BankApplicationSharp.testAccount.testAccountCopy(-10.0d,1,&quot;alex&quot;,&quot;this is not a date&quot;)" executed="True" result="Success" success="True" time="0.000" asserts="4" />
                  <test-case name="_422BankApplicationSharp.testAccount.testAccountCopy(-10.0d,12,&quot;young&quot;,&quot;1-1-13&quot;)" executed="True" result="Success" success="True" time="0.000" asserts="4" />
                  <test-case name="_422BankApplicationSharp.testAccount.testAccountCopy(-10.0d,12,&quot;young&quot;,&quot;may 4th 2009&quot;)" executed="True" result="Success" success="True" time="0.000" asserts="4" />
                  <test-case name="_422BankApplicationSharp.testAccount.testAccountCopy(-10.0d,12,&quot;young&quot;,&quot;1-2-30000&quot;)" executed="True" result="Success" success="True" time="0.000" asserts="4" />
                  <test-case name="_422BankApplicationSharp.testAccount.testAccountCopy(-10.0d,12,&quot;young&quot;,&quot;11/12/13&quot;)" executed="True" result="Success" success="True" time="0.000" asserts="4" />
                  <test-case name="_422BankApplicationSharp.testAccount.testAccountCopy(-10.0d,12,&quot;young&quot;,&quot;this is not a date&quot;)" executed="True" result="Success" success="True" time="0.000" asserts="4" />
                  <test-case name="_422BankApplicationSharp.testAccount.testAccountCopy(-10.0d,12,&quot;alex&quot;,&quot;1-1-13&quot;)" executed="True" result="Success" success="True" time="0.000" asserts="4" />
                  <test-case name="_422BankApplicationSharp.testAccount.testAccountCopy(-10.0d,12,&quot;alex&quot;,&quot;may 4th 2009&quot;)" executed="True" result="Success" success="True" time="0.000" asserts="4" />
                  <test-case name="_422BankApplicationSharp.testAccount.testAccountCopy(-10.0d,12,&quot;alex&quot;,&quot;1-2-30000&quot;)" executed="True" result="Success" success="True" time="0.000" asserts="4" />
                  <test-case name="_422BankApplicationSharp.testAccount.testAccountCopy(-10.0d,12,&quot;alex&quot;,&quot;11/12/13&quot;)" executed="True" result="Success" success="True" time="0.000" asserts="4" />
                  <test-case name="_422BankApplicationSharp.testAccount.testAccountCopy(-10.0d,12,&quot;alex&quot;,&quot;this is not a date&quot;)" executed="True" result="Success" success="True" time="0.000" asserts="4" />
                  <test-case name="_422BankApplicationSharp.testAccount.testAccountCopy(-10.0d,123,&quot;young&quot;,&quot;1-1-13&quot;)" executed="True" result="Success" success="True" time="0.000" asserts="4" />
                  <test-case name="_422BankApplicationSharp.testAccount.testAccountCopy(-10.0d,123,&quot;young&quot;,&quot;may 4th 2009&quot;)" executed="True" result="Success" success="True" time="0.000" asserts="4" />
                  <test-case name="_422BankApplicationSharp.testAccount.testAccountCopy(-10.0d,123,&quot;young&quot;,&quot;1-2-30000&quot;)" executed="True" result="Success" success="True" time="0.000" asserts="4" />
                  <test-case name="_422BankApplicationSharp.testAccount.testAccountCopy(-10.0d,123,&quot;young&quot;,&quot;11/12/13&quot;)" executed="True" result="Success" success="True" time="0.000" asserts="4" />
                  <test-case name="_422BankApplicationSharp.testAccount.testAccountCopy(-10.0d,123,&quot;young&quot;,&quot;this is not a date&quot;)" executed="True" result="Success" success="True" time="0.000" asserts="4" />
                  <test-case name="_422BankApplicationSharp.testAccount.testAccountCopy(-10.0d,123,&quot;alex&quot;,&quot;1-1-13&quot;)" executed="True" result="Success" success="True" time="0.000" asserts="4" />
                  <test-case name="_422BankApplicationSharp.testAccount.testAccountCopy(-10.0d,123,&quot;alex&quot;,&quot;may 4th 2009&quot;)" executed="True" result="Success" success="True" time="0.000" asserts="4" />
                  <test-case name="_422BankApplicationSharp.testAccount.testAccountCopy(-10.0d,123,&quot;alex&quot;,&quot;1-2-30000&quot;)" executed="True" result="Success" success="True" time="0.000" asserts="4" />
                  <test-case name="_422BankApplicationSharp.testAccount.testAccountCopy(-10.0d,123,&quot;alex&quot;,&quot;11/12/13&quot;)" executed="True" result="Success" success="True" time="0.000" asserts="4" />
                  <test-case name="_422BankApplicationSharp.testAccount.testAccountCopy(-10.0d,123,&quot;alex&quot;,&quot;this is not a date&quot;)" executed="True" result="Success" success="True" time="0.000" asserts="4" />
                  <test-case name="_422BankApplicationSharp.testAccount.testAccountCopy(-10.0d,1234,&quot;young&quot;,&quot;1-1-13&quot;)" executed="True" result="Success" success="True" time="0.000" asserts="4" />
                  <test-case name="_422BankApplicationSharp.testAccount.testAccountCopy(-10.0d,1234,&quot;young&quot;,&quot;may 4th 2009&quot;)" executed="True" result="Success" success="True" time="0.000" asserts="4" />
                  <test-case name="_422BankApplicationSharp.testAccount.testAccountCopy(-10.0d,1234,&quot;young&quot;,&quot;1-2-30000&quot;)" executed="True" result="Success" success="True" time="0.000" asserts="4" />
                  <test-case name="_422BankApplicationSharp.testAccount.testAccountCopy(-10.0d,1234,&quot;young&quot;,&quot;11/12/13&quot;)" executed="True" result="Success" success="True" time="0.000" asserts="4" />
                  <test-case name="_422BankApplicationSharp.testAccount.testAccountCopy(-10.0d,1234,&quot;young&quot;,&quot;this is not a date&quot;)" executed="True" result="Success" success="True" time="0.000" asserts="4" />
                  <test-case name="_422BankApplicationSharp.testAccount.testAccountCopy(-10.0d,1234,&quot;alex&quot;,&quot;1-1-13&quot;)" executed="True" result="Success" success="True" time="0.000" asserts="4" />
                  <test-case name="_422BankApplicationSharp.testAccount.testAccountCopy(-10.0d,1234,&quot;alex&quot;,&quot;may 4th 2009&quot;)" executed="True" result="Success" success="True" time="0.000" asserts="4" />
                  <test-case name="_422BankApplicationSharp.testAccount.testAccountCopy(-10.0d,1234,&quot;alex&quot;,&quot;1-2-30000&quot;)" executed="True" result="Success" success="True" time="0.000" asserts="4" />
                  <test-case name="_422BankApplicationSharp.testAccount.testAccountCopy(-10.0d,1234,&quot;alex&quot;,&quot;11/12/13&quot;)" executed="True" result="Success" success="True" time="0.000" asserts="4" />
                  <test-case name="_422BankApplicationSharp.testAccount.testAccountCopy(-10.0d,1234,&quot;alex&quot;,&quot;this is not a date&quot;)" executed="True" result="Success" success="True" time="0.000" asserts="4" />
                  <test-case name="_422BankApplicationSharp.testAccount.testAccountCopy(-10.0d,12345,&quot;young&quot;,&quot;1-1-13&quot;)" executed="True" result="Success" success="True" time="0.000" asserts="4" />
                  <test-case name="_422BankApplicationSharp.testAccount.testAccountCopy(-10.0d,12345,&quot;young&quot;,&quot;may 4th 2009&quot;)" executed="True" result="Success" success="True" time="0.000" asserts="4" />
                  <test-case name="_422BankApplicationSharp.testAccount.testAccountCopy(-10.0d,12345,&quot;young&quot;,&quot;1-2-30000&quot;)" executed="True" result="Success" success="True" time="0.000" asserts="4" />
                  <test-case name="_422BankApplicationSharp.testAccount.testAccountCopy(-10.0d,12345,&quot;young&quot;,&quot;11/12/13&quot;)" executed="True" result="Success" success="True" time="0.000" asserts="4" />
                  <test-case name="_422BankApplicationSharp.testAccount.testAccountCopy(-10.0d,12345,&quot;young&quot;,&quot;this is not a date&quot;)" executed="True" result="Success" success="True" time="0.000" asserts="4" />
                  <test-case name="_422BankApplicationSharp.testAccount.testAccountCopy(-10.0d,12345,&quot;alex&quot;,&quot;1-1-13&quot;)" executed="True" result="Success" success="True" time="0.000" asserts="4" />
                  <test-case name="_422BankApplicationSharp.testAccount.testAccountCopy(-10.0d,12345,&quot;alex&quot;,&quot;may 4th 2009&quot;)" executed="True" result="Success" success="True" time="0.000" asserts="4" />
                  <test-case name="_422BankApplicationSharp.testAccount.testAccountCopy(-10.0d,12345,&quot;alex&quot;,&quot;1-2-30000&quot;)" executed="True" result="Success" success="True" time="0.000" asserts="4" />
                  <test-case name="_422BankApplicationSharp.testAccount.testAccountCopy(-10.0d,12345,&quot;alex&quot;,&quot;11/12/13&quot;)" executed="True" result="Success" success="True" time="0.000" asserts="4" />
                  <test-case name="_422BankApplicationSharp.testAccount.testAccountCopy(-10.0d,12345,&quot;alex&quot;,&quot;this is not a date&quot;)" executed="True" result="Success" success="True" time="0.000" asserts="4" />
                  <test-case name="_422BankApplicationSharp.testAccount.testAccountCopy(0.0d,1,&quot;young&quot;,&quot;1-1-13&quot;)" executed="True" result="Success" success="True" time="0.000" asserts="4" />
                  <test-case name="_422BankApplicationSharp.testAccount.testAccountCopy(0.0d,1,&quot;young&quot;,&quot;may 4th 2009&quot;)" executed="True" result="Success" success="True" time="0.000" asserts="4" />
                  <test-case name="_422BankApplicationSharp.testAccount.testAccountCopy(0.0d,1,&quot;young&quot;,&quot;1-2-30000&quot;)" executed="True" result="Success" success="True" time="0.000" asserts="4" />
                  <test-case name="_422BankApplicationSharp.testAccount.testAccountCopy(0.0d,1,&quot;young&quot;,&quot;11/12/13&quot;)" executed="True" result="Success" success="True" time="0.000" asserts="4" />
                  <test-case name="_422BankApplicationSharp.testAccount.testAccountCopy(0.0d,1,&quot;young&quot;,&quot;this is not a date&quot;)" executed="True" result="Success" success="True" time="0.000" asserts="4" />
                  <test-case name="_422BankApplicationSharp.testAccount.testAccountCopy(0.0d,1,&quot;alex&quot;,&quot;1-1-13&quot;)" executed="True" result="Success" success="True" time="0.000" asserts="4" />
                  <test-case name="_422BankApplicationSharp.testAccount.testAccountCopy(0.0d,1,&quot;alex&quot;,&quot;may 4th 2009&quot;)" executed="True" result="Success" success="True" time="0.000" asserts="4" />
                  <test-case name="_422BankApplicationSharp.testAccount.testAccountCopy(0.0d,1,&quot;alex&quot;,&quot;1-2-30000&quot;)" executed="True" result="Success" success="True" time="0.000" asserts="4" />
                  <test-case name="_422BankApplicationSharp.testAccount.testAccountCopy(0.0d,1,&quot;alex&quot;,&quot;11/12/13&quot;)" executed="True" result="Success" success="True" time="0.000" asserts="4" />
                  <test-case name="_422BankApplicationSharp.testAccount.testAccountCopy(0.0d,1,&quot;alex&quot;,&quot;this is not a date&quot;)" executed="True" result="Success" success="True" time="0.000" asserts="4" />
                  <test-case name="_422BankApplicationSharp.testAccount.testAccountCopy(0.0d,12,&quot;young&quot;,&quot;1-1-13&quot;)" executed="True" result="Success" success="True" time="0.000" asserts="4" />
                  <test-case name="_422BankApplicationSharp.testAccount.testAccountCopy(0.0d,12,&quot;young&quot;,&quot;may 4th 2009&quot;)" executed="True" result="Success" success="True" time="0.000" asserts="4" />
                  <test-case name="_422BankApplicationSharp.testAccount.testAccountCopy(0.0d,12,&quot;young&quot;,&quot;1-2-30000&quot;)" executed="True" result="Success" success="True" time="0.000" asserts="4" />
                  <test-case name="_422BankApplicationSharp.testAccount.testAccountCopy(0.0d,12,&quot;young&quot;,&quot;11/12/13&quot;)" executed="True" result="Success" success="True" time="0.000" asserts="4" />
                  <test-case name="_422BankApplicationSharp.testAccount.testAccountCopy(0.0d,12,&quot;young&quot;,&quot;this is not a date&quot;)" executed="True" result="Success" success="True" time="0.000" asserts="4" />
                  <test-case name="_422BankApplicationSharp.testAccount.testAccountCopy(0.0d,12,&quot;alex&quot;,&quot;1-1-13&quot;)" executed="True" result="Success" success="True" time="0.000" asserts="4" />
                  <test-case name="_422BankApplicationSharp.testAccount.testAccountCopy(0.0d,12,&quot;alex&quot;,&quot;may 4th 2009&quot;)" executed="True" result="Success" success="True" time="0.000" asserts="4" />
                  <test-case name="_422BankApplicationSharp.testAccount.testAccountCopy(0.0d,12,&quot;alex&quot;,&quot;1-2-30000&quot;)" executed="True" result="Success" success="True" time="0.000" asserts="4" />
                  <test-case name="_422BankApplicationSharp.testAccount.testAccountCopy(0.0d,12,&quot;alex&quot;,&quot;11/12/13&quot;)" executed="True" result="Success" success="True" time="0.000" asserts="4" />
                  <test-case name="_422BankApplicationSharp.testAccount.testAccountCopy(0.0d,12,&quot;alex&quot;,&quot;this is not a date&quot;)" executed="True" result="Success" success="True" time="0.000" asserts="4" />
                  <test-case name="_422BankApplicationSharp.testAccount.testAccountCopy(0.0d,123,&quot;young&quot;,&quot;1-1-13&quot;)" executed="True" result="Success" success="True" time="0.000" asserts="4" />
                  <test-case name="_422BankApplicationSharp.testAccount.testAccountCopy(0.0d,123,&quot;young&quot;,&quot;may 4th 2009&quot;)" executed="True" result="Success" success="True" time="0.000" asserts="4" />
                  <test-case name="_422BankApplicationSharp.testAccount.testAccountCopy(0.0d,123,&quot;young&quot;,&quot;1-2-30000&quot;)" executed="True" result="Success" success="True" time="0.000" asserts="4" />
                  <test-case name="_422BankApplicationSharp.testAccount.testAccountCopy(0.0d,123,&quot;young&quot;,&quot;11/12/13&quot;)" executed="True" result="Success" success="True" time="0.000" asserts="4" />
                  <test-case name="_422BankApplicationSharp.testAccount.testAccountCopy(0.0d,123,&quot;young&quot;,&quot;this is not a date&quot;)" executed="True" result="Success" success="True" time="0.000" asserts="4" />
                  <test-case name="_422BankApplicationSharp.testAccount.testAccountCopy(0.0d,123,&quot;alex&quot;,&quot;1-1-13&quot;)" executed="True" result="Success" success="True" time="0.000" asserts="4" />
                  <test-case name="_422BankApplicationSharp.testAccount.testAccountCopy(0.0d,123,&quot;alex&quot;,&quot;may 4th 2009&quot;)" executed="True" result="Success" success="True" time="0.000" asserts="4" />
                  <test-case name="_422BankApplicationSharp.testAccount.testAccountCopy(0.0d,123,&quot;alex&quot;,&quot;1-2-30000&quot;)" executed="True" result="Success" success="True" time="0.000" asserts="4" />
                  <test-case name="_422BankApplicationSharp.testAccount.testAccountCopy(0.0d,123,&quot;alex&quot;,&quot;11/12/13&quot;)" executed="True" result="Success" success="True" time="0.000" asserts="4" />
                  <test-case name="_422BankApplicationSharp.testAccount.testAccountCopy(0.0d,123,&quot;alex&quot;,&quot;this is not a date&quot;)" executed="True" result="Success" success="True" time="0.000" asserts="4" />
                  <test-case name="_422BankApplicationSharp.testAccount.testAccountCopy(0.0d,1234,&quot;young&quot;,&quot;1-1-13&quot;)" executed="True" result="Success" success="True" time="0.000" asserts="4" />
                  <test-case name="_422BankApplicationSharp.testAccount.testAccountCopy(0.0d,1234,&quot;young&quot;,&quot;may 4th 2009&quot;)" executed="True" result="Success" success="True" time="0.000" asserts="4" />
                  <test-case name="_422BankApplicationSharp.testAccount.testAccountCopy(0.0d,1234,&quot;young&quot;,&quot;1-2-30000&quot;)" executed="True" result="Success" success="True" time="0.000" asserts="4" />
                  <test-case name="_422BankApplicationSharp.testAccount.testAccountCopy(0.0d,1234,&quot;young&quot;,&quot;11/12/13&quot;)" executed="True" result="Success" success="True" time="0.000" asserts="4" />
                  <test-case name="_422BankApplicationSharp.testAccount.testAccountCopy(0.0d,1234,&quot;young&quot;,&quot;this is not a date&quot;)" executed="True" result="Success" success="True" time="0.000" asserts="4" />
                  <test-case name="_422BankApplicationSharp.testAccount.testAccountCopy(0.0d,1234,&quot;alex&quot;,&quot;1-1-13&quot;)" executed="True" result="Success" success="True" time="0.000" asserts="4" />
                  <test-case name="_422BankApplicationSharp.testAccount.testAccountCopy(0.0d,1234,&quot;alex&quot;,&quot;may 4th 2009&quot;)" executed="True" result="Success" success="True" time="0.000" asserts="4" />
                  <test-case name="_422BankApplicationSharp.testAccount.testAccountCopy(0.0d,1234,&quot;alex&quot;,&quot;1-2-30000&quot;)" executed="True" result="Success" success="True" time="0.000" asserts="4" />
                  <test-case name="_422BankApplicationSharp.testAccount.testAccountCopy(0.0d,1234,&quot;alex&quot;,&quot;11/12/13&quot;)" executed="True" result="Success" success="True" time="0.000" asserts="4" />
                  <test-case name="_422BankApplicationSharp.testAccount.testAccountCopy(0.0d,1234,&quot;alex&quot;,&quot;this is not a date&quot;)" executed="True" result="Success" success="True" time="0.000" asserts="4" />
                  <test-case name="_422BankApplicationSharp.testAccount.testAccountCopy(0.0d,12345,&quot;young&quot;,&quot;1-1-13&quot;)" executed="True" result="Success" success="True" time="0.000" asserts="4" />
                  <test-case name="_422BankApplicationSharp.testAccount.testAccountCopy(0.0d,12345,&quot;young&quot;,&quot;may 4th 2009&quot;)" executed="True" result="Success" success="True" time="0.000" asserts="4" />
                  <test-case name="_422BankApplicationSharp.testAccount.testAccountCopy(0.0d,12345,&quot;young&quot;,&quot;1-2-30000&quot;)" executed="True" result="Success" success="True" time="0.000" asserts="4" />
                  <test-case name="_422BankApplicationSharp.testAccount.testAccountCopy(0.0d,12345,&quot;young&quot;,&quot;11/12/13&quot;)" executed="True" result="Success" success="True" time="0.000" asserts="4" />
                  <test-case name="_422BankApplicationSharp.testAccount.testAccountCopy(0.0d,12345,&quot;young&quot;,&quot;this is not a date&quot;)" executed="True" result="Success" success="True" time="0.000" asserts="4" />
                  <test-case name="_422BankApplicationSharp.testAccount.testAccountCopy(0.0d,12345,&quot;alex&quot;,&quot;1-1-13&quot;)" executed="True" result="Success" success="True" time="0.000" asserts="4" />
                  <test-case name="_422BankApplicationSharp.testAccount.testAccountCopy(0.0d,12345,&quot;alex&quot;,&quot;may 4th 2009&quot;)" executed="True" result="Success" success="True" time="0.000" asserts="4" />
                  <test-case name="_422BankApplicationSharp.testAccount.testAccountCopy(0.0d,12345,&quot;alex&quot;,&quot;1-2-30000&quot;)" executed="True" result="Success" success="True" time="0.000" asserts="4" />
                  <test-case name="_422BankApplicationSharp.testAccount.testAccountCopy(0.0d,12345,&quot;alex&quot;,&quot;11/12/13&quot;)" executed="True" result="Success" success="True" time="0.000" asserts="4" />
                  <test-case name="_422BankApplicationSharp.testAccount.testAccountCopy(0.0d,12345,&quot;alex&quot;,&quot;this is not a date&quot;)" executed="True" result="Success" success="True" time="0.000" asserts="4" />
                  <test-case name="_422BankApplicationSharp.testAccount.testAccountCopy(3.0d,1,&quot;young&quot;,&quot;1-1-13&quot;)" executed="True" result="Success" success="True" time="0.000" asserts="4" />
                  <test-case name="_422BankApplicationSharp.testAccount.testAccountCopy(3.0d,1,&quot;young&quot;,&quot;may 4th 2009&quot;)" executed="True" result="Success" success="True" time="0.000" asserts="4" />
                  <test-case name="_422BankApplicationSharp.testAccount.testAccountCopy(3.0d,1,&quot;young&quot;,&quot;1-2-30000&quot;)" executed="True" result="Success" success="True" time="0.000" asserts="4" />
                  <test-case name="_422BankApplicationSharp.testAccount.testAccountCopy(3.0d,1,&quot;young&quot;,&quot;11/12/13&quot;)" executed="True" result="Success" success="True" time="0.000" asserts="4" />
                  <test-case name="_422BankApplicationSharp.testAccount.testAccountCopy(3.0d,1,&quot;young&quot;,&quot;this is not a date&quot;)" executed="True" result="Success" success="True" time="0.000" asserts="4" />
                  <test-case name="_422BankApplicationSharp.testAccount.testAccountCopy(3.0d,1,&quot;alex&quot;,&quot;1-1-13&quot;)" executed="True" result="Success" success="True" time="0.000" asserts="4" />
                  <test-case name="_422BankApplicationSharp.testAccount.testAccountCopy(3.0d,1,&quot;alex&quot;,&quot;may 4th 2009&quot;)" executed="True" result="Success" success="True" time="0.000" asserts="4" />
                  <test-case name="_422BankApplicationSharp.testAccount.testAccountCopy(3.0d,1,&quot;alex&quot;,&quot;1-2-30000&quot;)" executed="True" result="Success" success="True" time="0.000" asserts="4" />
                  <test-case name="_422BankApplicationSharp.testAccount.testAccountCopy(3.0d,1,&quot;alex&quot;,&quot;11/12/13&quot;)" executed="True" result="Success" success="True" time="0.000" asserts="4" />
                  <test-case name="_422BankApplicationSharp.testAccount.testAccountCopy(3.0d,1,&quot;alex&quot;,&quot;this is not a date&quot;)" executed="True" result="Success" success="True" time="0.000" asserts="4" />
                  <test-case name="_422BankApplicationSharp.testAccount.testAccountCopy(3.0d,12,&quot;young&quot;,&quot;1-1-13&quot;)" executed="True" result="Success" success="True" time="0.000" asserts="4" />
                  <test-case name="_422BankApplicationSharp.testAccount.testAccountCopy(3.0d,12,&quot;young&quot;,&quot;may 4th 2009&quot;)" executed="True" result="Success" success="True" time="0.000" asserts="4" />
                  <test-case name="_422BankApplicationSharp.testAccount.testAccountCopy(3.0d,12,&quot;young&quot;,&quot;1-2-30000&quot;)" executed="True" result="Success" success="True" time="0.000" asserts="4" />
                  <test-case name="_422BankApplicationSharp.testAccount.testAccountCopy(3.0d,12,&quot;young&quot;,&quot;11/12/13&quot;)" executed="True" result="Success" success="True" time="0.000" asserts="4" />
                  <test-case name="_422BankApplicationSharp.testAccount.testAccountCopy(3.0d,12,&quot;young&quot;,&quot;this is not a date&quot;)" executed="True" result="Success" success="True" time="0.000" asserts="4" />
                  <test-case name="_422BankApplicationSharp.testAccount.testAccountCopy(3.0d,12,&quot;alex&quot;,&quot;1-1-13&quot;)" executed="True" result="Success" success="True" time="0.000" asserts="4" />
                  <test-case name="_422BankApplicationSharp.testAccount.testAccountCopy(3.0d,12,&quot;alex&quot;,&quot;may 4th 2009&quot;)" executed="True" result="Success" success="True" time="0.000" asserts="4" />
                  <test-case name="_422BankApplicationSharp.testAccount.testAccountCopy(3.0d,12,&quot;alex&quot;,&quot;1-2-30000&quot;)" executed="True" result="Success" success="True" time="0.000" asserts="4" />
                  <test-case name="_422BankApplicationSharp.testAccount.testAccountCopy(3.0d,12,&quot;alex&quot;,&quot;11/12/13&quot;)" executed="True" result="Success" success="True" time="0.000" asserts="4" />
                  <test-case name="_422BankApplicationSharp.testAccount.testAccountCopy(3.0d,12,&quot;alex&quot;,&quot;this is not a date&quot;)" executed="True" result="Success" success="True" time="0.000" asserts="4" />
                  <test-case name="_422BankApplicationSharp.testAccount.testAccountCopy(3.0d,123,&quot;young&quot;,&quot;1-1-13&quot;)" executed="True" result="Success" success="True" time="0.000" asserts="4" />
                  <test-case name="_422BankApplicationSharp.testAccount.testAccountCopy(3.0d,123,&quot;young&quot;,&quot;may 4th 2009&quot;)" executed="True" result="Success" success="True" time="0.000" asserts="4" />
                  <test-case name="_422BankApplicationSharp.testAccount.testAccountCopy(3.0d,123,&quot;young&quot;,&quot;1-2-30000&quot;)" executed="True" result="Success" success="True" time="0.000" asserts="4" />
                  <test-case name="_422BankApplicationSharp.testAccount.testAccountCopy(3.0d,123,&quot;young&quot;,&quot;11/12/13&quot;)" executed="True" result="Success" success="True" time="0.000" asserts="4" />
                  <test-case name="_422BankApplicationSharp.testAccount.testAccountCopy(3.0d,123,&quot;young&quot;,&quot;this is not a date&quot;)" executed="True" result="Success" success="True" time="0.000" asserts="4" />
                  <test-case name="_422BankApplicationSharp.testAccount.testAccountCopy(3.0d,123,&quot;alex&quot;,&quot;1-1-13&quot;)" executed="True" result="Success" success="True" time="0.000" asserts="4" />
                  <test-case name="_422BankApplicationSharp.testAccount.testAccountCopy(3.0d,123,&quot;alex&quot;,&quot;may 4th 2009&quot;)" executed="True" result="Success" success="True" time="0.000" asserts="4" />
                  <test-case name="_422BankApplicationSharp.testAccount.testAccountCopy(3.0d,123,&quot;alex&quot;,&quot;1-2-30000&quot;)" executed="True" result="Success" success="True" time="0.000" asserts="4" />
                  <test-case name="_422BankApplicationSharp.testAccount.testAccountCopy(3.0d,123,&quot;alex&quot;,&quot;11/12/13&quot;)" executed="True" result="Success" success="True" time="0.000" asserts="4" />
                  <test-case name="_422BankApplicationSharp.testAccount.testAccountCopy(3.0d,123,&quot;alex&quot;,&quot;this is not a date&quot;)" executed="True" result="Success" success="True" time="0.000" asserts="4" />
                  <test-case name="_422BankApplicationSharp.testAccount.testAccountCopy(3.0d,1234,&quot;young&quot;,&quot;1-1-13&quot;)" executed="True" result="Success" success="True" time="0.000" asserts="4" />
                  <test-case name="_422BankApplicationSharp.testAccount.testAccountCopy(3.0d,1234,&quot;young&quot;,&quot;may 4th 2009&quot;)" executed="True" result="Success" success="True" time="0.000" asserts="4" />
                  <test-case name="_422BankApplicationSharp.testAccount.testAccountCopy(3.0d,1234,&quot;young&quot;,&quot;1-2-30000&quot;)" executed="True" result="Success" success="True" time="0.000" asserts="4" />
                  <test-case name="_422BankApplicationSharp.testAccount.testAccountCopy(3.0d,1234,&quot;young&quot;,&quot;11/12/13&quot;)" executed="True" result="Success" success="True" time="0.000" asserts="4" />
                  <test-case name="_422BankApplicationSharp.testAccount.testAccountCopy(3.0d,1234,&quot;young&quot;,&quot;this is not a date&quot;)" executed="True" result="Success" success="True" time="0.000" asserts="4" />
                  <test-case name="_422BankApplicationSharp.testAccount.testAccountCopy(3.0d,1234,&quot;alex&quot;,&quot;1-1-13&quot;)" executed="True" result="Success" success="True" time="0.000" asserts="4" />
                  <test-case name="_422BankApplicationSharp.testAccount.testAccountCopy(3.0d,1234,&quot;alex&quot;,&quot;may 4th 2009&quot;)" executed="True" result="Success" success="True" time="0.000" asserts="4" />
                  <test-case name="_422BankApplicationSharp.testAccount.testAccountCopy(3.0d,1234,&quot;alex&quot;,&quot;1-2-30000&quot;)" executed="True" result="Success" success="True" time="0.000" asserts="4" />
                  <test-case name="_422BankApplicationSharp.testAccount.testAccountCopy(3.0d,1234,&quot;alex&quot;,&quot;11/12/13&quot;)" executed="True" result="Success" success="True" time="0.000" asserts="4" />
                  <test-case name="_422BankApplicationSharp.testAccount.testAccountCopy(3.0d,1234,&quot;alex&quot;,&quot;this is not a date&quot;)" executed="True" result="Success" success="True" time="0.000" asserts="4" />
                  <test-case name="_422BankApplicationSharp.testAccount.testAccountCopy(3.0d,12345,&quot;young&quot;,&quot;1-1-13&quot;)" executed="True" result="Success" success="True" time="0.000" asserts="4" />
                  <test-case name="_422BankApplicationSharp.testAccount.testAccountCopy(3.0d,12345,&quot;young&quot;,&quot;may 4th 2009&quot;)" executed="True" result="Success" success="True" time="0.000" asserts="4" />
                  <test-case name="_422BankApplicationSharp.testAccount.testAccountCopy(3.0d,12345,&quot;young&quot;,&quot;1-2-30000&quot;)" executed="True" result="Success" success="True" time="0.000" asserts="4" />
                  <test-case name="_422BankApplicationSharp.testAccount.testAccountCopy(3.0d,12345,&quot;young&quot;,&quot;11/12/13&quot;)" executed="True" result="Success" success="True" time="0.000" asserts="4" />
                  <test-case name="_422BankApplicationSharp.testAccount.testAccountCopy(3.0d,12345,&quot;young&quot;,&quot;this is not a date&quot;)" executed="True" result="Success" success="True" time="0.000" asserts="4" />
                  <test-case name="_422BankApplicationSharp.testAccount.testAccountCopy(3.0d,12345,&quot;alex&quot;,&quot;1-1-13&quot;)" executed="True" result="Success" success="True" time="0.000" asserts="4" />
                  <test-case name="_422BankApplicationSharp.testAccount.testAccountCopy(3.0d,12345,&quot;alex&quot;,&quot;may 4th 2009&quot;)" executed="True" result="Success" success="True" time="0.000" asserts="4" />
                  <test-case name="_422BankApplicationSharp.testAccount.testAccountCopy(3.0d,12345,&quot;alex&quot;,&quot;1-2-30000&quot;)" executed="True" result="Success" success="True" time="0.000" asserts="4" />
                  <test-case name="_422BankApplicationSharp.testAccount.testAccountCopy(3.0d,12345,&quot;alex&quot;,&quot;11/12/13&quot;)" executed="True" result="Success" success="True" time="0.000" asserts="4" />
                  <test-case name="_422BankApplicationSharp.testAccount.testAccountCopy(3.0d,12345,&quot;alex&quot;,&quot;this is not a date&quot;)" executed="True" result="Success" success="True" time="0.000" asserts="4" />
                  <test-case name="_422BankApplicationSharp.testAccount.testAccountCopy(300.0d,1,&quot;young&quot;,&quot;1-1-13&quot;)" executed="True" result="Success" success="True" time="0.000" asserts="4" />
                  <test-case name="_422BankApplicationSharp.testAccount.testAccountCopy(300.0d,1,&quot;young&quot;,&quot;may 4th 2009&quot;)" executed="True" result="Success" success="True" time="0.000" asserts="4" />
                  <test-case name="_422BankApplicationSharp.testAccount.testAccountCopy(300.0d,1,&quot;young&quot;,&quot;1-2-30000&quot;)" executed="True" result="Success" success="True" time="0.000" asserts="4" />
                  <test-case name="_422BankApplicationSharp.testAccount.testAccountCopy(300.0d,1,&quot;young&quot;,&quot;11/12/13&quot;)" executed="True" result="Success" success="True" time="0.000" asserts="4" />
                  <test-case name="_422BankApplicationSharp.testAccount.testAccountCopy(300.0d,1,&quot;young&quot;,&quot;this is not a date&quot;)" executed="True" result="Success" success="True" time="0.000" asserts="4" />
                  <test-case name="_422BankApplicationSharp.testAccount.testAccountCopy(300.0d,1,&quot;alex&quot;,&quot;1-1-13&quot;)" executed="True" result="Success" success="True" time="0.000" asserts="4" />
                  <test-case name="_422BankApplicationSharp.testAccount.testAccountCopy(300.0d,1,&quot;alex&quot;,&quot;may 4th 2009&quot;)" executed="True" result="Success" success="True" time="0.000" asserts="4" />
                  <test-case name="_422BankApplicationSharp.testAccount.testAccountCopy(300.0d,1,&quot;alex&quot;,&quot;1-2-30000&quot;)" executed="True" result="Success" success="True" time="0.000" asserts="4" />
                  <test-case name="_422BankApplicationSharp.testAccount.testAccountCopy(300.0d,1,&quot;alex&quot;,&quot;11/12/13&quot;)" executed="True" result="Success" success="True" time="0.000" asserts="4" />
                  <test-case name="_422BankApplicationSharp.testAccount.testAccountCopy(300.0d,1,&quot;alex&quot;,&quot;this is not a date&quot;)" executed="True" result="Success" success="True" time="0.000" asserts="4" />
                  <test-case name="_422BankApplicationSharp.testAccount.testAccountCopy(300.0d,12,&quot;young&quot;,&quot;1-1-13&quot;)" executed="True" result="Success" success="True" time="0.000" asserts="4" />
                  <test-case name="_422BankApplicationSharp.testAccount.testAccountCopy(300.0d,12,&quot;young&quot;,&quot;may 4th 2009&quot;)" executed="True" result="Success" success="True" time="0.000" asserts="4" />
                  <test-case name="_422BankApplicationSharp.testAccount.testAccountCopy(300.0d,12,&quot;young&quot;,&quot;1-2-30000&quot;)" executed="True" result="Success" success="True" time="0.000" asserts="4" />
                  <test-case name="_422BankApplicationSharp.testAccount.testAccountCopy(300.0d,12,&quot;young&quot;,&quot;11/12/13&quot;)" executed="True" result="Success" success="True" time="0.000" asserts="4" />
                  <test-case name="_422BankApplicationSharp.testAccount.testAccountCopy(300.0d,12,&quot;young&quot;,&quot;this is not a date&quot;)" executed="True" result="Success" success="True" time="0.000" asserts="4" />
                  <test-case name="_422BankApplicationSharp.testAccount.testAccountCopy(300.0d,12,&quot;alex&quot;,&quot;1-1-13&quot;)" executed="True" result="Success" success="True" time="0.000" asserts="4" />
                  <test-case name="_422BankApplicationSharp.testAccount.testAccountCopy(300.0d,12,&quot;alex&quot;,&quot;may 4th 2009&quot;)" executed="True" result="Success" success="True" time="0.000" asserts="4" />
                  <test-case name="_422BankApplicationSharp.testAccount.testAccountCopy(300.0d,12,&quot;alex&quot;,&quot;1-2-30000&quot;)" executed="True" result="Success" success="True" time="0.000" asserts="4" />
                  <test-case name="_422BankApplicationSharp.testAccount.testAccountCopy(300.0d,12,&quot;alex&quot;,&quot;11/12/13&quot;)" executed="True" result="Success" success="True" time="0.000" asserts="4" />
                  <test-case name="_422BankApplicationSharp.testAccount.testAccountCopy(300.0d,12,&quot;alex&quot;,&quot;this is not a date&quot;)" executed="True" result="Success" success="True" time="0.000" asserts="4" />
                  <test-case name="_422BankApplicationSharp.testAccount.testAccountCopy(300.0d,123,&quot;young&quot;,&quot;1-1-13&quot;)" executed="True" result="Success" success="True" time="0.000" asserts="4" />
                  <test-case name="_422BankApplicationSharp.testAccount.testAccountCopy(300.0d,123,&quot;young&quot;,&quot;may 4th 2009&quot;)" executed="True" result="Success" success="True" time="0.000" asserts="4" />
                  <test-case name="_422BankApplicationSharp.testAccount.testAccountCopy(300.0d,123,&quot;young&quot;,&quot;1-2-30000&quot;)" executed="True" result="Success" success="True" time="0.000" asserts="4" />
                  <test-case name="_422BankApplicationSharp.testAccount.testAccountCopy(300.0d,123,&quot;young&quot;,&quot;11/12/13&quot;)" executed="True" result="Success" success="True" time="0.000" asserts="4" />
                  <test-case name="_422BankApplicationSharp.testAccount.testAccountCopy(300.0d,123,&quot;young&quot;,&quot;this is not a date&quot;)" executed="True" result="Success" success="True" time="0.000" asserts="4" />
                  <test-case name="_422BankApplicationSharp.testAccount.testAccountCopy(300.0d,123,&quot;alex&quot;,&quot;1-1-13&quot;)" executed="True" result="Success" success="True" time="0.000" asserts="4" />
                  <test-case name="_422BankApplicationSharp.testAccount.testAccountCopy(300.0d,123,&quot;alex&quot;,&quot;may 4th 2009&quot;)" executed="True" result="Success" success="True" time="0.000" asserts="4" />
                  <test-case name="_422BankApplicationSharp.testAccount.testAccountCopy(300.0d,123,&quot;alex&quot;,&quot;1-2-30000&quot;)" executed="True" result="Success" success="True" time="0.000" asserts="4" />
                  <test-case name="_422BankApplicationSharp.testAccount.testAccountCopy(300.0d,123,&quot;alex&quot;,&quot;11/12/13&quot;)" executed="True" result="Success" success="True" time="0.000" asserts="4" />
                  <test-case name="_422BankApplicationSharp.testAccount.testAccountCopy(300.0d,123,&quot;alex&quot;,&quot;this is not a date&quot;)" executed="True" result="Success" success="True" time="0.000" asserts="4" />
                  <test-case name="_422BankApplicationSharp.testAccount.testAccountCopy(300.0d,1234,&quot;young&quot;,&quot;1-1-13&quot;)" executed="True" result="Success" success="True" time="0.000" asserts="4" />
                  <test-case name="_422BankApplicationSharp.testAccount.testAccountCopy(300.0d,1234,&quot;young&quot;,&quot;may 4th 2009&quot;)" executed="True" result="Success" success="True" time="0.000" asserts="4" />
                  <test-case name="_422BankApplicationSharp.testAccount.testAccountCopy(300.0d,1234,&quot;young&quot;,&quot;1-2-30000&quot;)" executed="True" result="Success" success="True" time="0.000" asserts="4" />
                  <test-case name="_422BankApplicationSharp.testAccount.testAccountCopy(300.0d,1234,&quot;young&quot;,&quot;11/12/13&quot;)" executed="True" result="Success" success="True" time="0.000" asserts="4" />
                  <test-case name="_422BankApplicationSharp.testAccount.testAccountCopy(300.0d,1234,&quot;young&quot;,&quot;this is not a date&quot;)" executed="True" result="Success" success="True" time="0.000" asserts="4" />
                  <test-case name="_422BankApplicationSharp.testAccount.testAccountCopy(300.0d,1234,&quot;alex&quot;,&quot;1-1-13&quot;)" executed="True" result="Success" success="True" time="0.000" asserts="4" />
                  <test-case name="_422BankApplicationSharp.testAccount.testAccountCopy(300.0d,1234,&quot;alex&quot;,&quot;may 4th 2009&quot;)" executed="True" result="Success" success="True" time="0.000" asserts="4" />
                  <test-case name="_422BankApplicationSharp.testAccount.testAccountCopy(300.0d,1234,&quot;alex&quot;,&quot;1-2-30000&quot;)" executed="True" result="Success" success="True" time="0.000" asserts="4" />
                  <test-case name="_422BankApplicationSharp.testAccount.testAccountCopy(300.0d,1234,&quot;alex&quot;,&quot;11/12/13&quot;)" executed="True" result="Success" success="True" time="0.000" asserts="4" />
                  <test-case name="_422BankApplicationSharp.testAccount.testAccountCopy(300.0d,1234,&quot;alex&quot;,&quot;this is not a date&quot;)" executed="True" result="Success" success="True" time="0.000" asserts="4" />
                  <test-case name="_422BankApplicationSharp.testAccount.testAccountCopy(300.0d,12345,&quot;young&quot;,&quot;1-1-13&quot;)" executed="True" result="Success" success="True" time="0.000" asserts="4" />
                  <test-case name="_422BankApplicationSharp.testAccount.testAccountCopy(300.0d,12345,&quot;young&quot;,&quot;may 4th 2009&quot;)" executed="True" result="Success" success="True" time="0.000" asserts="4" />
                  <test-case name="_422BankApplicationSharp.testAccount.testAccountCopy(300.0d,12345,&quot;young&quot;,&quot;1-2-30000&quot;)" executed="True" result="Success" success="True" time="0.000" asserts="4" />
                  <test-case name="_422BankApplicationSharp.testAccount.testAccountCopy(300.0d,12345,&quot;young&quot;,&quot;11/12/13&quot;)" executed="True" result="Success" success="True" time="0.000" asserts="4" />
                  <test-case name="_422BankApplicationSharp.testAccount.testAccountCopy(300.0d,12345,&quot;young&quot;,&quot;this is not a date&quot;)" executed="True" result="Success" success="True" time="0.000" asserts="4" />
                  <test-case name="_422BankApplicationSharp.testAccount.testAccountCopy(300.0d,12345,&quot;alex&quot;,&quot;1-1-13&quot;)" executed="True" result="Success" success="True" time="0.000" asserts="4" />
                  <test-case name="_422BankApplicationSharp.testAccount.testAccountCopy(300.0d,12345,&quot;alex&quot;,&quot;may 4th 2009&quot;)" executed="True" result="Success" success="True" time="0.000" asserts="4" />
                  <test-case name="_422BankApplicationSharp.testAccount.testAccountCopy(300.0d,12345,&quot;alex&quot;,&quot;1-2-30000&quot;)" executed="True" result="Success" success="True" time="0.000" asserts="4" />
                  <test-case name="_422BankApplicationSharp.testAccount.testAccountCopy(300.0d,12345,&quot;alex&quot;,&quot;11/12/13&quot;)" executed="True" result="Success" success="True" time="0.000" asserts="4" />
                  <test-case name="_422BankApplicationSharp.testAccount.testAccountCopy(300.0d,12345,&quot;alex&quot;,&quot;this is not a date&quot;)" executed="True" result="Success" success="True" time="0.000" asserts="4" />
                  <test-case name="_422BankApplicationSharp.testAccount.testAccountCopy(3000.0d,1,&quot;young&quot;,&quot;1-1-13&quot;)" executed="True" result="Success" success="True" time="0.000" asserts="4" />
                  <test-case name="_422BankApplicationSharp.testAccount.testAccountCopy(3000.0d,1,&quot;young&quot;,&quot;may 4th 2009&quot;)" executed="True" result="Success" success="True" time="0.000" asserts="4" />
                  <test-case name="_422BankApplicationSharp.testAccount.testAccountCopy(3000.0d,1,&quot;young&quot;,&quot;1-2-30000&quot;)" executed="True" result="Success" success="True" time="0.000" asserts="4" />
                  <test-case name="_422BankApplicationSharp.testAccount.testAccountCopy(3000.0d,1,&quot;young&quot;,&quot;11/12/13&quot;)" executed="True" result="Success" success="True" time="0.000" asserts="4" />
                  <test-case name="_422BankApplicationSharp.testAccount.testAccountCopy(3000.0d,1,&quot;young&quot;,&quot;this is not a date&quot;)" executed="True" result="Success" success="True" time="0.000" asserts="4" />
                  <test-case name="_422BankApplicationSharp.testAccount.testAccountCopy(3000.0d,1,&quot;alex&quot;,&quot;1-1-13&quot;)" executed="True" result="Success" success="True" time="0.000" asserts="4" />
                  <test-case name="_422BankApplicationSharp.testAccount.testAccountCopy(3000.0d,1,&quot;alex&quot;,&quot;may 4th 2009&quot;)" executed="True" result="Success" success="True" time="0.000" asserts="4" />
                  <test-case name="_422BankApplicationSharp.testAccount.testAccountCopy(3000.0d,1,&quot;alex&quot;,&quot;1-2-30000&quot;)" executed="True" result="Success" success="True" time="0.000" asserts="4" />
                  <test-case name="_422BankApplicationSharp.testAccount.testAccountCopy(3000.0d,1,&quot;alex&quot;,&quot;11/12/13&quot;)" executed="True" result="Success" success="True" time="0.000" asserts="4" />
                  <test-case name="_422BankApplicationSharp.testAccount.testAccountCopy(3000.0d,1,&quot;alex&quot;,&quot;this is not a date&quot;)" executed="True" result="Success" success="True" time="0.000" asserts="4" />
                  <test-case name="_422BankApplicationSharp.testAccount.testAccountCopy(3000.0d,12,&quot;young&quot;,&quot;1-1-13&quot;)" executed="True" result="Success" success="True" time="0.000" asserts="4" />
                  <test-case name="_422BankApplicationSharp.testAccount.testAccountCopy(3000.0d,12,&quot;young&quot;,&quot;may 4th 2009&quot;)" executed="True" result="Success" success="True" time="0.000" asserts="4" />
                  <test-case name="_422BankApplicationSharp.testAccount.testAccountCopy(3000.0d,12,&quot;young&quot;,&quot;1-2-30000&quot;)" executed="True" result="Success" success="True" time="0.000" asserts="4" />
                  <test-case name="_422BankApplicationSharp.testAccount.testAccountCopy(3000.0d,12,&quot;young&quot;,&quot;11/12/13&quot;)" executed="True" result="Success" success="True" time="0.000" asserts="4" />
                  <test-case name="_422BankApplicationSharp.testAccount.testAccountCopy(3000.0d,12,&quot;young&quot;,&quot;this is not a date&quot;)" executed="True" result="Success" success="True" time="0.002" asserts="4" />
                  <test-case name="_422BankApplicationSharp.testAccount.testAccountCopy(3000.0d,12,&quot;alex&quot;,&quot;1-1-13&quot;)" executed="True" result="Success" success="True" time="0.000" asserts="4" />
                  <test-case name="_422BankApplicationSharp.testAccount.testAccountCopy(3000.0d,12,&quot;alex&quot;,&quot;may 4th 2009&quot;)" executed="True" result="Success" success="True" time="0.000" asserts="4" />
                  <test-case name="_422BankApplicationSharp.testAccount.testAccountCopy(3000.0d,12,&quot;alex&quot;,&quot;1-2-30000&quot;)" executed="True" result="Success" success="True" time="0.000" asserts="4" />
                  <test-case name="_422BankApplicationSharp.testAccount.testAccountCopy(3000.0d,12,&quot;alex&quot;,&quot;11/12/13&quot;)" executed="True" result="Success" success="True" time="0.000" asserts="4" />
                  <test-case name="_422BankApplicationSharp.testAccount.testAccountCopy(3000.0d,12,&quot;alex&quot;,&quot;this is not a date&quot;)" executed="True" result="Success" success="True" time="0.000" asserts="4" />
                  <test-case name="_422BankApplicationSharp.testAccount.testAccountCopy(3000.0d,123,&quot;young&quot;,&quot;1-1-13&quot;)" executed="True" result="Success" success="True" time="0.000" asserts="4" />
                  <test-case name="_422BankApplicationSharp.testAccount.testAccountCopy(3000.0d,123,&quot;young&quot;,&quot;may 4th 2009&quot;)" executed="True" result="Success" success="True" time="0.000" asserts="4" />
                  <test-case name="_422BankApplicationSharp.testAccount.testAccountCopy(3000.0d,123,&quot;young&quot;,&quot;1-2-30000&quot;)" executed="True" result="Success" success="True" time="0.000" asserts="4" />
                  <test-case name="_422BankApplicationSharp.testAccount.testAccountCopy(3000.0d,123,&quot;young&quot;,&quot;11/12/13&quot;)" executed="True" result="Success" success="True" time="0.000" asserts="4" />
                  <test-case name="_422BankApplicationSharp.testAccount.testAccountCopy(3000.0d,123,&quot;young&quot;,&quot;this is not a date&quot;)" executed="True" result="Success" success="True" time="0.000" asserts="4" />
                  <test-case name="_422BankApplicationSharp.testAccount.testAccountCopy(3000.0d,123,&quot;alex&quot;,&quot;1-1-13&quot;)" executed="True" result="Success" success="True" time="0.000" asserts="4" />
                  <test-case name="_422BankApplicationSharp.testAccount.testAccountCopy(3000.0d,123,&quot;alex&quot;,&quot;may 4th 2009&quot;)" executed="True" result="Success" success="True" time="0.000" asserts="4" />
                  <test-case name="_422BankApplicationSharp.testAccount.testAccountCopy(3000.0d,123,&quot;alex&quot;,&quot;1-2-30000&quot;)" executed="True" result="Success" success="True" time="0.000" asserts="4" />
                  <test-case name="_422BankApplicationSharp.testAccount.testAccountCopy(3000.0d,123,&quot;alex&quot;,&quot;11/12/13&quot;)" executed="True" result="Success" success="True" time="0.000" asserts="4" />
                  <test-case name="_422BankApplicationSharp.testAccount.testAccountCopy(3000.0d,123,&quot;alex&quot;,&quot;this is not a date&quot;)" executed="True" result="Success" success="True" time="0.000" asserts="4" />
                  <test-case name="_422BankApplicationSharp.testAccount.testAccountCopy(3000.0d,1234,&quot;young&quot;,&quot;1-1-13&quot;)" executed="True" result="Success" success="True" time="0.000" asserts="4" />
                  <test-case name="_422BankApplicationSharp.testAccount.testAccountCopy(3000.0d,1234,&quot;young&quot;,&quot;may 4th 2009&quot;)" executed="True" result="Success" success="True" time="0.000" asserts="4" />
                  <test-case name="_422BankApplicationSharp.testAccount.testAccountCopy(3000.0d,1234,&quot;young&quot;,&quot;1-2-30000&quot;)" executed="True" result="Success" success="True" time="0.000" asserts="4" />
                  <test-case name="_422BankApplicationSharp.testAccount.testAccountCopy(3000.0d,1234,&quot;young&quot;,&quot;11/12/13&quot;)" executed="True" result="Success" success="True" time="0.000" asserts="4" />
                  <test-case name="_422BankApplicationSharp.testAccount.testAccountCopy(3000.0d,1234,&quot;young&quot;,&quot;this is not a date&quot;)" executed="True" result="Success" success="True" time="0.000" asserts="4" />
                  <test-case name="_422BankApplicationSharp.testAccount.testAccountCopy(3000.0d,1234,&quot;alex&quot;,&quot;1-1-13&quot;)" executed="True" result="Success" success="True" time="0.000" asserts="4" />
                  <test-case name="_422BankApplicationSharp.testAccount.testAccountCopy(3000.0d,1234,&quot;alex&quot;,&quot;may 4th 2009&quot;)" executed="True" result="Success" success="True" time="0.000" asserts="4" />
                  <test-case name="_422BankApplicationSharp.testAccount.testAccountCopy(3000.0d,1234,&quot;alex&quot;,&quot;1-2-30000&quot;)" executed="True" result="Success" success="True" time="0.000" asserts="4" />
                  <test-case name="_422BankApplicationSharp.testAccount.testAccountCopy(3000.0d,1234,&quot;alex&quot;,&quot;11/12/13&quot;)" executed="True" result="Success" success="True" time="0.000" asserts="4" />
                  <test-case name="_422BankApplicationSharp.testAccount.testAccountCopy(3000.0d,1234,&quot;alex&quot;,&quot;this is not a date&quot;)" executed="True" result="Success" success="True" time="0.000" asserts="4" />
                  <test-case name="_422BankApplicationSharp.testAccount.testAccountCopy(3000.0d,12345,&quot;young&quot;,&quot;1-1-13&quot;)" executed="True" result="Success" success="True" time="0.000" asserts="4" />
                  <test-case name="_422BankApplicationSharp.testAccount.testAccountCopy(3000.0d,12345,&quot;young&quot;,&quot;may 4th 2009&quot;)" executed="True" result="Success" success="True" time="0.000" asserts="4" />
                  <test-case name="_422BankApplicationSharp.testAccount.testAccountCopy(3000.0d,12345,&quot;young&quot;,&quot;1-2-30000&quot;)" executed="True" result="Success" success="True" time="0.000" asserts="4" />
                  <test-case name="_422BankApplicationSharp.testAccount.testAccountCopy(3000.0d,12345,&quot;young&quot;,&quot;11/12/13&quot;)" executed="True" result="Success" success="True" time="0.000" asserts="4" />
                  <test-case name="_422BankApplicationSharp.testAccount.testAccountCopy(3000.0d,12345,&quot;young&quot;,&quot;this is not a date&quot;)" executed="True" result="Success" success="True" time="0.000" asserts="4" />
                  <test-case name="_422BankApplicationSharp.testAccount.testAccountCopy(3000.0d,12345,&quot;alex&quot;,&quot;1-1-13&quot;)" executed="True" result="Success" success="True" time="0.000" asserts="4" />
                  <test-case name="_422BankApplicationSharp.testAccount.testAccountCopy(3000.0d,12345,&quot;alex&quot;,&quot;may 4th 2009&quot;)" executed="True" result="Success" success="True" time="0.000" asserts="4" />
                  <test-case name="_422BankApplicationSharp.testAccount.testAccountCopy(3000.0d,12345,&quot;alex&quot;,&quot;1-2-30000&quot;)" executed="True" result="Success" success="True" time="0.000" asserts="4" />
                  <test-case name="_422BankApplicationSharp.testAccount.testAccountCopy(3000.0d,12345,&quot;alex&quot;,&quot;11/12/13&quot;)" executed="True" result="Success" success="True" time="0.000" asserts="4" />
                  <test-case name="_422BankApplicationSharp.testAccount.testAccountCopy(3000.0d,12345,&quot;alex&quot;,&quot;this is not a date&quot;)" executed="True" result="Success" success="True" time="0.000" asserts="4" />
                </results>
              </test-suite>
              <test-suite type="ParameterizedTest" name="testAccountCreation" executed="True" result="Success" success="True" time="0.644" asserts="0">
                <results>
                  <test-case name="_422BankApplicationSharp.testAccount.testAccountCreation(-10.0d,1,&quot;young&quot;,&quot;1-1-13&quot;)" executed="True" result="Success" success="True" time="0.001" asserts="4" />
                  <test-case name="_422BankApplicationSharp.testAccount.testAccountCreation(-10.0d,1,&quot;young&quot;,&quot;may 4th 2009&quot;)" executed="True" result="Success" success="True" time="0.000" asserts="4" />
                  <test-case name="_422BankApplicationSharp.testAccount.testAccountCreation(-10.0d,1,&quot;young&quot;,&quot;1-2-30000&quot;)" executed="True" result="Success" success="True" time="0.000" asserts="4" />
                  <test-case name="_422BankApplicationSharp.testAccount.testAccountCreation(-10.0d,1,&quot;young&quot;,&quot;11/12/13&quot;)" executed="True" result="Success" success="True" time="0.000" asserts="4" />
                  <test-case name="_422BankApplicationSharp.testAccount.testAccountCreation(-10.0d,1,&quot;young&quot;,&quot;this is not a date&quot;)" executed="True" result="Success" success="True" time="0.000" asserts="4" />
                  <test-case name="_422BankApplicationSharp.testAccount.testAccountCreation(-10.0d,1,&quot;alex&quot;,&quot;1-1-13&quot;)" executed="True" result="Success" success="True" time="0.000" asserts="4" />
                  <test-case name="_422BankApplicationSharp.testAccount.testAccountCreation(-10.0d,1,&quot;alex&quot;,&quot;may 4th 2009&quot;)" executed="True" result="Success" success="True" time="0.000" asserts="4" />
                  <test-case name="_422BankApplicationSharp.testAccount.testAccountCreation(-10.0d,1,&quot;alex&quot;,&quot;1-2-30000&quot;)" executed="True" result="Success" success="True" time="0.000" asserts="4" />
                  <test-case name="_422BankApplicationSharp.testAccount.testAccountCreation(-10.0d,1,&quot;alex&quot;,&quot;11/12/13&quot;)" executed="True" result="Success" success="True" time="0.000" asserts="4" />
                  <test-case name="_422BankApplicationSharp.testAccount.testAccountCreation(-10.0d,1,&quot;alex&quot;,&quot;this is not a date&quot;)" executed="True" result="Success" success="True" time="0.000" asserts="4" />
                  <test-case name="_422BankApplicationSharp.testAccount.testAccountCreation(-10.0d,12,&quot;young&quot;,&quot;1-1-13&quot;)" executed="True" result="Success" success="True" time="0.000" asserts="4" />
                  <test-case name="_422BankApplicationSharp.testAccount.testAccountCreation(-10.0d,12,&quot;young&quot;,&quot;may 4th 2009&quot;)" executed="True" result="Success" success="True" time="0.000" asserts="4" />
                  <test-case name="_422BankApplicationSharp.testAccount.testAccountCreation(-10.0d,12,&quot;young&quot;,&quot;1-2-30000&quot;)" executed="True" result="Success" success="True" time="0.000" asserts="4" />
                  <test-case name="_422BankApplicationSharp.testAccount.testAccountCreation(-10.0d,12,&quot;young&quot;,&quot;11/12/13&quot;)" executed="True" result="Success" success="True" time="0.000" asserts="4" />
                  <test-case name="_422BankApplicationSharp.testAccount.testAccountCreation(-10.0d,12,&quot;young&quot;,&quot;this is not a date&quot;)" executed="True" result="Success" success="True" time="0.000" asserts="4" />
                  <test-case name="_422BankApplicationSharp.testAccount.testAccountCreation(-10.0d,12,&quot;alex&quot;,&quot;1-1-13&quot;)" executed="True" result="Success" success="True" time="0.000" asserts="4" />
                  <test-case name="_422BankApplicationSharp.testAccount.testAccountCreation(-10.0d,12,&quot;alex&quot;,&quot;may 4th 2009&quot;)" executed="True" result="Success" success="True" time="0.000" asserts="4" />
                  <test-case name="_422BankApplicationSharp.testAccount.testAccountCreation(-10.0d,12,&quot;alex&quot;,&quot;1-2-30000&quot;)" executed="True" result="Success" success="True" time="0.000" asserts="4" />
                  <test-case name="_422BankApplicationSharp.testAccount.testAccountCreation(-10.0d,12,&quot;alex&quot;,&quot;11/12/13&quot;)" executed="True" result="Success" success="True" time="0.000" asserts="4" />
                  <test-case name="_422BankApplicationSharp.testAccount.testAccountCreation(-10.0d,12,&quot;alex&quot;,&quot;this is not a date&quot;)" executed="True" result="Success" success="True" time="0.000" asserts="4" />
                  <test-case name="_422BankApplicationSharp.testAccount.testAccountCreation(-10.0d,123,&quot;young&quot;,&quot;1-1-13&quot;)" executed="True" result="Success" success="True" time="0.000" asserts="4" />
                  <test-case name="_422BankApplicationSharp.testAccount.testAccountCreation(-10.0d,123,&quot;young&quot;,&quot;may 4th 2009&quot;)" executed="True" result="Success" success="True" time="0.000" asserts="4" />
                  <test-case name="_422BankApplicationSharp.testAccount.testAccountCreation(-10.0d,123,&quot;young&quot;,&quot;1-2-30000&quot;)" executed="True" result="Success" success="True" time="0.000" asserts="4" />
                  <test-case name="_422BankApplicationSharp.testAccount.testAccountCreation(-10.0d,123,&quot;young&quot;,&quot;11/12/13&quot;)" executed="True" result="Success" success="True" time="0.000" asserts="4" />
                  <test-case name="_422BankApplicationSharp.testAccount.testAccountCreation(-10.0d,123,&quot;young&quot;,&quot;this is not a date&quot;)" executed="True" result="Success" success="True" time="0.000" asserts="4" />
                  <test-case name="_422BankApplicationSharp.testAccount.testAccountCreation(-10.0d,123,&quot;alex&quot;,&quot;1-1-13&quot;)" executed="True" result="Success" success="True" time="0.000" asserts="4" />
                  <test-case name="_422BankApplicationSharp.testAccount.testAccountCreation(-10.0d,123,&quot;alex&quot;,&quot;may 4th 2009&quot;)" executed="True" result="Success" success="True" time="0.000" asserts="4" />
                  <test-case name="_422BankApplicationSharp.testAccount.testAccountCreation(-10.0d,123,&quot;alex&quot;,&quot;1-2-30000&quot;)" executed="True" result="Success" success="True" time="0.000" asserts="4" />
                  <test-case name="_422BankApplicationSharp.testAccount.testAccountCreation(-10.0d,123,&quot;alex&quot;,&quot;11/12/13&quot;)" executed="True" result="Success" success="True" time="0.000" asserts="4" />
                  <test-case name="_422BankApplicationSharp.testAccount.testAccountCreation(-10.0d,123,&quot;alex&quot;,&quot;this is not a date&quot;)" executed="True" result="Success" success="True" time="0.000" asserts="4" />
                  <test-case name="_422BankApplicationSharp.testAccount.testAccountCreation(-10.0d,1234,&quot;young&quot;,&quot;1-1-13&quot;)" executed="True" result="Success" success="True" time="0.000" asserts="4" />
                  <test-case name="_422BankApplicationSharp.testAccount.testAccountCreation(-10.0d,1234,&quot;young&quot;,&quot;may 4th 2009&quot;)" executed="True" result="Success" success="True" time="0.000" asserts="4" />
                  <test-case name="_422BankApplicationSharp.testAccount.testAccountCreation(-10.0d,1234,&quot;young&quot;,&quot;1-2-30000&quot;)" executed="True" result="Success" success="True" time="0.000" asserts="4" />
                  <test-case name="_422BankApplicationSharp.testAccount.testAccountCreation(-10.0d,1234,&quot;young&quot;,&quot;11/12/13&quot;)" executed="True" result="Success" success="True" time="0.000" asserts="4" />
                  <test-case name="_422BankApplicationSharp.testAccount.testAccountCreation(-10.0d,1234,&quot;young&quot;,&quot;this is not a date&quot;)" executed="True" result="Success" success="True" time="0.000" asserts="4" />
                  <test-case name="_422BankApplicationSharp.testAccount.testAccountCreation(-10.0d,1234,&quot;alex&quot;,&quot;1-1-13&quot;)" executed="True" result="Success" success="True" time="0.000" asserts="4" />
                  <test-case name="_422BankApplicationSharp.testAccount.testAccountCreation(-10.0d,1234,&quot;alex&quot;,&quot;may 4th 2009&quot;)" executed="True" result="Success" success="True" time="0.000" asserts="4" />
                  <test-case name="_422BankApplicationSharp.testAccount.testAccountCreation(-10.0d,1234,&quot;alex&quot;,&quot;1-2-30000&quot;)" executed="True" result="Success" success="True" time="0.000" asserts="4" />
                  <test-case name="_422BankApplicationSharp.testAccount.testAccountCreation(-10.0d,1234,&quot;alex&quot;,&quot;11/12/13&quot;)" executed="True" result="Success" success="True" time="0.000" asserts="4" />
                  <test-case name="_422BankApplicationSharp.testAccount.testAccountCreation(-10.0d,1234,&quot;alex&quot;,&quot;this is not a date&quot;)" executed="True" result="Success" success="True" time="0.000" asserts="4" />
                  <test-case name="_422BankApplicationSharp.testAccount.testAccountCreation(-10.0d,12345,&quot;young&quot;,&quot;1-1-13&quot;)" executed="True" result="Success" success="True" time="0.000" asserts="4" />
                  <test-case name="_422BankApplicationSharp.testAccount.testAccountCreation(-10.0d,12345,&quot;young&quot;,&quot;may 4th 2009&quot;)" executed="True" result="Success" success="True" time="0.000" asserts="4" />
                  <test-case name="_422BankApplicationSharp.testAccount.testAccountCreation(-10.0d,12345,&quot;young&quot;,&quot;1-2-30000&quot;)" executed="True" result="Success" success="True" time="0.000" asserts="4" />
                  <test-case name="_422BankApplicationSharp.testAccount.testAccountCreation(-10.0d,12345,&quot;young&quot;,&quot;11/12/13&quot;)" executed="True" result="Success" success="True" time="0.000" asserts="4" />
                  <test-case name="_422BankApplicationSharp.testAccount.testAccountCreation(-10.0d,12345,&quot;young&quot;,&quot;this is not a date&quot;)" executed="True" result="Success" success="True" time="0.000" asserts="4" />
                  <test-case name="_422BankApplicationSharp.testAccount.testAccountCreation(-10.0d,12345,&quot;alex&quot;,&quot;1-1-13&quot;)" executed="True" result="Success" success="True" time="0.000" asserts="4" />
                  <test-case name="_422BankApplicationSharp.testAccount.testAccountCreation(-10.0d,12345,&quot;alex&quot;,&quot;may 4th 2009&quot;)" executed="True" result="Success" success="True" time="0.000" asserts="4" />
                  <test-case name="_422BankApplicationSharp.testAccount.testAccountCreation(-10.0d,12345,&quot;alex&quot;,&quot;1-2-30000&quot;)" executed="True" result="Success" success="True" time="0.000" asserts="4" />
                  <test-case name="_422BankApplicationSharp.testAccount.testAccountCreation(-10.0d,12345,&quot;alex&quot;,&quot;11/12/13&quot;)" executed="True" result="Success" success="True" time="0.000" asserts="4" />
                  <test-case name="_422BankApplicationSharp.testAccount.testAccountCreation(-10.0d,12345,&quot;alex&quot;,&quot;this is not a date&quot;)" executed="True" result="Success" success="True" time="0.000" asserts="4" />
                  <test-case name="_422BankApplicationSharp.testAccount.testAccountCreation(0.0d,1,&quot;young&quot;,&quot;1-1-13&quot;)" executed="True" result="Success" success="True" time="0.000" asserts="4" />
                  <test-case name="_422BankApplicationSharp.testAccount.testAccountCreation(0.0d,1,&quot;young&quot;,&quot;may 4th 2009&quot;)" executed="True" result="Success" success="True" time="0.000" asserts="4" />
                  <test-case name="_422BankApplicationSharp.testAccount.testAccountCreation(0.0d,1,&quot;young&quot;,&quot;1-2-30000&quot;)" executed="True" result="Success" success="True" time="0.000" asserts="4" />
                  <test-case name="_422BankApplicationSharp.testAccount.testAccountCreation(0.0d,1,&quot;young&quot;,&quot;11/12/13&quot;)" executed="True" result="Success" success="True" time="0.000" asserts="4" />
                  <test-case name="_422BankApplicationSharp.testAccount.testAccountCreation(0.0d,1,&quot;young&quot;,&quot;this is not a date&quot;)" executed="True" result="Success" success="True" time="0.000" asserts="4" />
                  <test-case name="_422BankApplicationSharp.testAccount.testAccountCreation(0.0d,1,&quot;alex&quot;,&quot;1-1-13&quot;)" executed="True" result="Success" success="True" time="0.000" asserts="4" />
                  <test-case name="_422BankApplicationSharp.testAccount.testAccountCreation(0.0d,1,&quot;alex&quot;,&quot;may 4th 2009&quot;)" executed="True" result="Success" success="True" time="0.000" asserts="4" />
                  <test-case name="_422BankApplicationSharp.testAccount.testAccountCreation(0.0d,1,&quot;alex&quot;,&quot;1-2-30000&quot;)" executed="True" result="Success" success="True" time="0.000" asserts="4" />
                  <test-case name="_422BankApplicationSharp.testAccount.testAccountCreation(0.0d,1,&quot;alex&quot;,&quot;11/12/13&quot;)" executed="True" result="Success" success="True" time="0.000" asserts="4" />
                  <test-case name="_422BankApplicationSharp.testAccount.testAccountCreation(0.0d,1,&quot;alex&quot;,&quot;this is not a date&quot;)" executed="True" result="Success" success="True" time="0.000" asserts="4" />
                  <test-case name="_422BankApplicationSharp.testAccount.testAccountCreation(0.0d,12,&quot;young&quot;,&quot;1-1-13&quot;)" executed="True" result="Success" success="True" time="0.000" asserts="4" />
                  <test-case name="_422BankApplicationSharp.testAccount.testAccountCreation(0.0d,12,&quot;young&quot;,&quot;may 4th 2009&quot;)" executed="True" result="Success" success="True" time="0.000" asserts="4" />
                  <test-case name="_422BankApplicationSharp.testAccount.testAccountCreation(0.0d,12,&quot;young&quot;,&quot;1-2-30000&quot;)" executed="True" result="Success" success="True" time="0.000" asserts="4" />
                  <test-case name="_422BankApplicationSharp.testAccount.testAccountCreation(0.0d,12,&quot;young&quot;,&quot;11/12/13&quot;)" executed="True" result="Success" success="True" time="0.000" asserts="4" />
                  <test-case name="_422BankApplicationSharp.testAccount.testAccountCreation(0.0d,12,&quot;young&quot;,&quot;this is not a date&quot;)" executed="True" result="Success" success="True" time="0.000" asserts="4" />
                  <test-case name="_422BankApplicationSharp.testAccount.testAccountCreation(0.0d,12,&quot;alex&quot;,&quot;1-1-13&quot;)" executed="True" result="Success" success="True" time="0.000" asserts="4" />
                  <test-case name="_422BankApplicationSharp.testAccount.testAccountCreation(0.0d,12,&quot;alex&quot;,&quot;may 4th 2009&quot;)" executed="True" result="Success" success="True" time="0.000" asserts="4" />
                  <test-case name="_422BankApplicationSharp.testAccount.testAccountCreation(0.0d,12,&quot;alex&quot;,&quot;1-2-30000&quot;)" executed="True" result="Success" success="True" time="0.000" asserts="4" />
                  <test-case name="_422BankApplicationSharp.testAccount.testAccountCreation(0.0d,12,&quot;alex&quot;,&quot;11/12/13&quot;)" executed="True" result="Success" success="True" time="0.000" asserts="4" />
                  <test-case name="_422BankApplicationSharp.testAccount.testAccountCreation(0.0d,12,&quot;alex&quot;,&quot;this is not a date&quot;)" executed="True" result="Success" success="True" time="0.000" asserts="4" />
                  <test-case name="_422BankApplicationSharp.testAccount.testAccountCreation(0.0d,123,&quot;young&quot;,&quot;1-1-13&quot;)" executed="True" result="Success" success="True" time="0.000" asserts="4" />
                  <test-case name="_422BankApplicationSharp.testAccount.testAccountCreation(0.0d,123,&quot;young&quot;,&quot;may 4th 2009&quot;)" executed="True" result="Success" success="True" time="0.000" asserts="4" />
                  <test-case name="_422BankApplicationSharp.testAccount.testAccountCreation(0.0d,123,&quot;young&quot;,&quot;1-2-30000&quot;)" executed="True" result="Success" success="True" time="0.000" asserts="4" />
                  <test-case name="_422BankApplicationSharp.testAccount.testAccountCreation(0.0d,123,&quot;young&quot;,&quot;11/12/13&quot;)" executed="True" result="Success" success="True" time="0.000" asserts="4" />
                  <test-case name="_422BankApplicationSharp.testAccount.testAccountCreation(0.0d,123,&quot;young&quot;,&quot;this is not a date&quot;)" executed="True" result="Success" success="True" time="0.000" asserts="4" />
                  <test-case name="_422BankApplicationSharp.testAccount.testAccountCreation(0.0d,123,&quot;alex&quot;,&quot;1-1-13&quot;)" executed="True" result="Success" success="True" time="0.000" asserts="4" />
                  <test-case name="_422BankApplicationSharp.testAccount.testAccountCreation(0.0d,123,&quot;alex&quot;,&quot;may 4th 2009&quot;)" executed="True" result="Success" success="True" time="0.000" asserts="4" />
                  <test-case name="_422BankApplicationSharp.testAccount.testAccountCreation(0.0d,123,&quot;alex&quot;,&quot;1-2-30000&quot;)" executed="True" result="Success" success="True" time="0.000" asserts="4" />
                  <test-case name="_422BankApplicationSharp.testAccount.testAccountCreation(0.0d,123,&quot;alex&quot;,&quot;11/12/13&quot;)" executed="True" result="Success" success="True" time="0.000" asserts="4" />
                  <test-case name="_422BankApplicationSharp.testAccount.testAccountCreation(0.0d,123,&quot;alex&quot;,&quot;this is not a date&quot;)" executed="True" result="Success" success="True" time="0.000" asserts="4" />
                  <test-case name="_422BankApplicationSharp.testAccount.testAccountCreation(0.0d,1234,&quot;young&quot;,&quot;1-1-13&quot;)" executed="True" result="Success" success="True" time="0.000" asserts="4" />
                  <test-case name="_422BankApplicationSharp.testAccount.testAccountCreation(0.0d,1234,&quot;young&quot;,&quot;may 4th 2009&quot;)" executed="True" result="Success" success="True" time="0.000" asserts="4" />
                  <test-case name="_422BankApplicationSharp.testAccount.testAccountCreation(0.0d,1234,&quot;young&quot;,&quot;1-2-30000&quot;)" executed="True" result="Success" success="True" time="0.000" asserts="4" />
                  <test-case name="_422BankApplicationSharp.testAccount.testAccountCreation(0.0d,1234,&quot;young&quot;,&quot;11/12/13&quot;)" executed="True" result="Success" success="True" time="0.000" asserts="4" />
                  <test-case name="_422BankApplicationSharp.testAccount.testAccountCreation(0.0d,1234,&quot;young&quot;,&quot;this is not a date&quot;)" executed="True" result="Success" success="True" time="0.000" asserts="4" />
                  <test-case name="_422BankApplicationSharp.testAccount.testAccountCreation(0.0d,1234,&quot;alex&quot;,&quot;1-1-13&quot;)" executed="True" result="Success" success="True" time="0.000" asserts="4" />
                  <test-case name="_422BankApplicationSharp.testAccount.testAccountCreation(0.0d,1234,&quot;alex&quot;,&quot;may 4th 2009&quot;)" executed="True" result="Success" success="True" time="0.000" asserts="4" />
                  <test-case name="_422BankApplicationSharp.testAccount.testAccountCreation(0.0d,1234,&quot;alex&quot;,&quot;1-2-30000&quot;)" executed="True" result="Success" success="True" time="0.000" asserts="4" />
                  <test-case name="_422BankApplicationSharp.testAccount.testAccountCreation(0.0d,1234,&quot;alex&quot;,&quot;11/12/13&quot;)" executed="True" result="Success" success="True" time="0.000" asserts="4" />
                  <test-case name="_422BankApplicationSharp.testAccount.testAccountCreation(0.0d,1234,&quot;alex&quot;,&quot;this is not a date&quot;)" executed="True" result="Success" success="True" time="0.000" asserts="4" />
                  <test-case name="_422BankApplicationSharp.testAccount.testAccountCreation(0.0d,12345,&quot;young&quot;,&quot;1-1-13&quot;)" executed="True" result="Success" success="True" time="0.000" asserts="4" />
                  <test-case name="_422BankApplicationSharp.testAccount.testAccountCreation(0.0d,12345,&quot;young&quot;,&quot;may 4th 2009&quot;)" executed="True" result="Success" success="True" time="0.000" asserts="4" />
                  <test-case name="_422BankApplicationSharp.testAccount.testAccountCreation(0.0d,12345,&quot;young&quot;,&quot;1-2-30000&quot;)" executed="True" result="Success" success="True" time="0.000" asserts="4" />
                  <test-case name="_422BankApplicationSharp.testAccount.testAccountCreation(0.0d,12345,&quot;young&quot;,&quot;11/12/13&quot;)" executed="True" result="Success" success="True" time="0.000" asserts="4" />
                  <test-case name="_422BankApplicationSharp.testAccount.testAccountCreation(0.0d,12345,&quot;young&quot;,&quot;this is not a date&quot;)" executed="True" result="Success" success="True" time="0.000" asserts="4" />
                  <test-case name="_422BankApplicationSharp.testAccount.testAccountCreation(0.0d,12345,&quot;alex&quot;,&quot;1-1-13&quot;)" executed="True" result="Success" success="True" time="0.000" asserts="4" />
                  <test-case name="_422BankApplicationSharp.testAccount.testAccountCreation(0.0d,12345,&quot;alex&quot;,&quot;may 4th 2009&quot;)" executed="True" result="Success" success="True" time="0.000" asserts="4" />
                  <test-case name="_422BankApplicationSharp.testAccount.testAccountCreation(0.0d,12345,&quot;alex&quot;,&quot;1-2-30000&quot;)" executed="True" result="Success" success="True" time="0.000" asserts="4" />
                  <test-case name="_422BankApplicationSharp.testAccount.testAccountCreation(0.0d,12345,&quot;alex&quot;,&quot;11/12/13&quot;)" executed="True" result="Success" success="True" time="0.000" asserts="4" />
                  <test-case name="_422BankApplicationSharp.testAccount.testAccountCreation(0.0d,12345,&quot;alex&quot;,&quot;this is not a date&quot;)" executed="True" result="Success" success="True" time="0.000" asserts="4" />
                  <test-case name="_422BankApplicationSharp.testAccount.testAccountCreation(3.0d,1,&quot;young&quot;,&quot;1-1-13&quot;)" executed="True" result="Success" success="True" time="0.000" asserts="4" />
                  <test-case name="_422BankApplicationSharp.testAccount.testAccountCreation(3.0d,1,&quot;young&quot;,&quot;may 4th 2009&quot;)" executed="True" result="Success" success="True" time="0.000" asserts="4" />
                  <test-case name="_422BankApplicationSharp.testAccount.testAccountCreation(3.0d,1,&quot;young&quot;,&quot;1-2-30000&quot;)" executed="True" result="Success" success="True" time="0.000" asserts="4" />
                  <test-case name="_422BankApplicationSharp.testAccount.testAccountCreation(3.0d,1,&quot;young&quot;,&quot;11/12/13&quot;)" executed="True" result="Success" success="True" time="0.000" asserts="4" />
                  <test-case name="_422BankApplicationSharp.testAccount.testAccountCreation(3.0d,1,&quot;young&quot;,&quot;this is not a date&quot;)" executed="True" result="Success" success="True" time="0.000" asserts="4" />
                  <test-case name="_422BankApplicationSharp.testAccount.testAccountCreation(3.0d,1,&quot;alex&quot;,&quot;1-1-13&quot;)" executed="True" result="Success" success="True" time="0.000" asserts="4" />
                  <test-case name="_422BankApplicationSharp.testAccount.testAccountCreation(3.0d,1,&quot;alex&quot;,&quot;may 4th 2009&quot;)" executed="True" result="Success" success="True" time="0.000" asserts="4" />
                  <test-case name="_422BankApplicationSharp.testAccount.testAccountCreation(3.0d,1,&quot;alex&quot;,&quot;1-2-30000&quot;)" executed="True" result="Success" success="True" time="0.000" asserts="4" />
[...]
                  <test-case name="_422BankApplicationSharp.testAccount.testDebitFail(1.0d,30.06d)" executed="True" result="Success" success="True" time="0.000" asserts="1" />
                  <test-case name="_422BankApplicationSharp.testAccount.testDebitFail(1.0d,35.07d)" executed="True" result="Success" success="True" time="0.000" asserts="1" />
                  <test-case name="_422BankApplicationSharp.testAccount.testDebitFail(1.0d,40.08d)" executed="True" result="Success" success="True" time="0.000" asserts="1" />
                  <test-case name="_422BankApplicationSharp.testAccount.testDebitFail(1.0d,45.09d)" executed="True" result="Success" success="True" time="0.000" asserts="1" />
                  <test-case name="_422BankApplicationSharp.testAccount.testDebitFail(1.0d,50.1d)" executed="True" result="Success" success="True" time="0.000" asserts="1" />
                  <test-case name="_422BankApplicationSharp.testAccount.testDebitFail(1.0d,55.11d)" executed="True" result="Success" success="True" time="0.000" asserts="1" />
                  <test-case name="_422BankApplicationSharp.testAccount.testDebitFail(1.0d,60.12d)" executed="True" result="Success" success="True" time="0.000" asserts="1" />
                  <test-case name="_422BankApplicationSharp.testAccount.testDebitFail(1.0d,65.13d)" executed="True" result="Success" success="True" time="0.000" asserts="1" />
                  <test-case name="_422BankApplicationSharp.testAccount.testDebitFail(1.0d,70.14d)" executed="True" result="Success" success="True" time="0.000" asserts="1" />
                  <test-case name="_422BankApplicationSharp.testAccount.testDebitFail(1.0d,75.15d)" executed="True" result="Success" success="True" time="0.000" asserts="1" />
                  <test-case name="_422BankApplicationSharp.testAccount.testDebitFail(1.0d,80.16d)" executed="True" result="Success" success="True" time="0.000" asserts="1" />
                  <test-case name="_422BankApplicationSharp.testAccount.testDebitFail(1.0d,85.17d)" executed="True" result="Success" success="True" time="0.000" asserts="1" />
                  <test-case name="_422BankApplicationSharp.testAccount.testDebitFail(1.0d,90.18d)" executed="True" result="Success" success="True" time="0.000" asserts="1" />
                  <test-case name="_422BankApplicationSharp.testAccount.testDebitFail(1.0d,95.19d)" executed="True" result="Success" success="True" time="0.000" asserts="1" />
                  <test-case name="_422BankApplicationSharp.testAccount.testDebitFail(0.0d,0.0d)" executed="True" result="Success" success="True" time="0.000" asserts="1" />
                  <test-case name="_422BankApplicationSharp.testAccount.testDebitFail(0.0d,5.01d)" executed="True" result="Success" success="True" time="0.000" asserts="1" />
                  <test-case name="_422BankApplicationSharp.testAccount.testDebitFail(0.0d,10.02d)" executed="True" result="Success" success="True" time="0.000" asserts="1" />
                  <test-case name="_422BankApplicationSharp.testAccount.testDebitFail(0.0d,15.03d)" executed="True" result="Success" success="True" time="0.000" asserts="1" />
                  <test-case name="_422BankApplicationSharp.testAccount.testDebitFail(0.0d,20.04d)" executed="True" result="Success" success="True" time="0.000" asserts="1" />
                  <test-case name="_422BankApplicationSharp.testAccount.testDebitFail(0.0d,25.05d)" executed="True" result="Success" success="True" time="0.000" asserts="1" />
                  <test-case name="_422BankApplicationSharp.testAccount.testDebitFail(0.0d,30.06d)" executed="True" result="Success" success="True" time="0.000" asserts="1" />
                  <test-case name="_422BankApplicationSharp.testAccount.testDebitFail(0.0d,35.07d)" executed="True" result="Success" success="True" time="0.000" asserts="1" />
                  <test-case name="_422BankApplicationSharp.testAccount.testDebitFail(0.0d,40.08d)" executed="True" result="Success" success="True" time="0.000" asserts="1" />
                  <test-case name="_422BankApplicationSharp.testAccount.testDebitFail(0.0d,45.09d)" executed="True" result="Success" success="True" time="0.000" asserts="1" />
                  <test-case name="_422BankApplicationSharp.testAccount.testDebitFail(0.0d,50.1d)" executed="True" result="Success" success="True" time="0.000" asserts="1" />
                  <test-case name="_422BankApplicationSharp.testAccount.testDebitFail(0.0d,55.11d)" executed="True" result="Success" success="True" time="0.000" asserts="1" />
                  <test-case name="_422BankApplicationSharp.testAccount.testDebitFail(0.0d,60.12d)" executed="True" result="Success" success="True" time="0.000" asserts="1" />
                  <test-case name="_422BankApplicationSharp.testAccount.testDebitFail(0.0d,65.13d)" executed="True" result="Success" success="True" time="0.000" asserts="1" />
                  <test-case name="_422BankApplicationSharp.testAccount.testDebitFail(0.0d,70.14d)" executed="True" result="Success" success="True" time="0.000" asserts="1" />
                  <test-case name="_422BankApplicationSharp.testAccount.testDebitFail(0.0d,75.15d)" executed="True" result="Success" success="True" time="0.000" asserts="1" />
                  <test-case name="_422BankApplicationSharp.testAccount.testDebitFail(0.0d,80.16d)" executed="True" result="Success" success="True" time="0.000" asserts="1" />
                  <test-case name="_422BankApplicationSharp.testAccount.testDebitFail(0.0d,85.17d)" executed="True" result="Success" success="True" time="0.000" asserts="1" />
                  <test-case name="_422BankApplicationSharp.testAccount.testDebitFail(0.0d,90.18d)" executed="True" result="Success" success="True" time="0.000" asserts="1" />
                  <test-case name="_422BankApplicationSharp.testAccount.testDebitFail(0.0d,95.19d)" executed="True" result="Success" success="True" time="0.000" asserts="1" />
                  <test-case name="_422BankApplicationSharp.testAccount.testDebitFail(5.0d,0.0d)" executed="True" result="Success" success="True" time="0.000" asserts="1" />
                  <test-case name="_422BankApplicationSharp.testAccount.testDebitFail(5.0d,5.01d)" executed="True" result="Success" success="True" time="0.000" asserts="1" />
                  <test-case name="_422BankApplicationSharp.testAccount.testDebitFail(5.0d,10.02d)" executed="True" result="Success" success="True" time="0.000" asserts="1" />
                  <test-case name="_422BankApplicationSharp.testAccount.testDebitFail(5.0d,15.03d)" executed="True" result="Success" success="True" time="0.000" asserts="1" />
                  <test-case name="_422BankApplicationSharp.testAccount.testDebitFail(5.0d,20.04d)" executed="True" result="Success" success="True" time="0.000" asserts="1" />
                  <test-case name="_422BankApplicationSharp.testAccount.testDebitFail(5.0d,25.05d)" executed="True" result="Success" success="True" time="0.000" asserts="1" />
                  <test-case name="_422BankApplicationSharp.testAccount.testDebitFail(5.0d,30.06d)" executed="True" result="Success" success="True" time="0.000" asserts="1" />
                  <test-case name="_422BankApplicationSharp.testAccount.testDebitFail(5.0d,35.07d)" executed="True" result="Success" success="True" time="0.001" asserts="1" />
                  <test-case name="_422BankApplicationSharp.testAccount.testDebitFail(5.0d,40.08d)" executed="True" result="Success" success="True" time="0.000" asserts="1" />
                  <test-case name="_422BankApplicationSharp.testAccount.testDebitFail(5.0d,45.09d)" executed="True" result="Success" success="True" time="0.000" asserts="1" />
                  <test-case name="_422BankApplicationSharp.testAccount.testDebitFail(5.0d,50.1d)" executed="True" result="Success" success="True" time="0.000" asserts="1" />
                  <test-case name="_422BankApplicationSharp.testAccount.testDebitFail(5.0d,55.11d)" executed="True" result="Success" success="True" time="0.000" asserts="1" />
                  <test-case name="_422BankApplicationSharp.testAccount.testDebitFail(5.0d,60.12d)" executed="True" result="Success" success="True" time="0.000" asserts="1" />
                  <test-case name="_422BankApplicationSharp.testAccount.testDebitFail(5.0d,65.13d)" executed="True" result="Success" success="True" time="0.000" asserts="1" />
                  <test-case name="_422BankApplicationSharp.testAccount.testDebitFail(5.0d,70.14d)" executed="True" result="Success" success="True" time="0.000" asserts="1" />
                  <test-case name="_422BankApplicationSharp.testAccount.testDebitFail(5.0d,75.15d)" executed="True" result="Success" success="True" time="0.000" asserts="1" />
                  <test-case name="_422BankApplicationSharp.testAccount.testDebitFail(5.0d,80.16d)" executed="True" result="Success" success="True" time="0.000" asserts="1" />
                  <test-case name="_422BankApplicationSharp.testAccount.testDebitFail(5.0d,85.17d)" executed="True" result="Success" success="True" time="0.000" asserts="1" />
                  <test-case name="_422BankApplicationSharp.testAccount.testDebitFail(5.0d,90.18d)" executed="True" result="Success" success="True" time="0.000" asserts="1" />
                  <test-case name="_422BankApplicationSharp.testAccount.testDebitFail(5.0d,95.19d)" executed="True" result="Success" success="True" time="0.000" asserts="1" />
                </results>
              </test-suite>
              <test-suite type="ParameterizedTest" name="testDebitSuccess" executed="True" result="Success" success="True" time="0.022" asserts="0">
                <results>
                  <test-case name="_422BankApplicationSharp.testAccount.testDebitSuccess(3.5d,0)" executed="True" result="Success" success="True" time="0.001" asserts="1" />
                  <test-case name="_422BankApplicationSharp.testAccount.testDebitSuccess(3.5d,3.5d)" executed="True" result="Success" success="True" time="0.000" asserts="1" />
                  <test-case name="_422BankApplicationSharp.testAccount.testDebitSuccess(3.51d,0)" executed="True" result="Success" success="True" time="0.000" asserts="1" />
                  <test-case name="_422BankApplicationSharp.testAccount.testDebitSuccess(3.51d,3.5d)" executed="True" result="Success" success="True" time="0.000" asserts="1" />
                  <test-case name="_422BankApplicationSharp.testAccount.testDebitSuccess(350.0d,0)" executed="True" result="Success" success="True" time="0.000" asserts="1" />
                  <test-case name="_422BankApplicationSharp.testAccount.testDebitSuccess(350.0d,3.5d)" executed="True" result="Success" success="True" time="0.000" asserts="1" />
                  <test-case name="_422BankApplicationSharp.testAccount.testDebitSuccess(100.0d,0)" executed="True" result="Success" success="True" time="0.000" asserts="1" />
                  <test-case name="_422BankApplicationSharp.testAccount.testDebitSuccess(100.0d,3.5d)" executed="True" result="Success" success="True" time="0.000" asserts="1" />
                </results>
              </test-suite>
            </results>
          </test-suite>
          <test-suite type="TestFixture" name="testManager" executed="True" result="Success" success="True" time="0.154" asserts="0">
            <results>
              <test-suite type="ParameterizedTest" name="testCreateAccountFail" executed="True" result="Success" success="True" time="0.006" asserts="0">
                <results>
                  <test-case name="_422BankApplicationSharp.testManager.testCreateAccountFail(1)" executed="True" result="Success" success="True" time="0.001" asserts="1" />
                  <test-case name="_422BankApplicationSharp.testManager.testCreateAccountFail(2)" executed="True" result="Success" success="True" time="0.000" asserts="1" />
                </results>
              </test-suite>
              <test-suite type="ParameterizedTest" name="testCreateAccountSuccess" executed="True" result="Success" success="True" time="0.013" asserts="0">
                <results>
                  <test-case name="_422BankApplicationSharp.testManager.testCreateAccountSuccess(1)" executed="True" result="Success" success="True" time="0.001" asserts="1" />
                  <test-case name="_422BankApplicationSharp.testManager.testCreateAccountSuccess(2)" executed="True" result="Success" success="True" time="0.000" asserts="1" />
                  <test-case name="_422BankApplicationSharp.testManager.testCreateAccountSuccess(3)" executed="True" result="Success" success="True" time="0.000" asserts="1" />
                  <test-case name="_422BankApplicationSharp.testManager.testCreateAccountSuccess(500)" executed="True" result="Success" success="True" time="0.000" asserts="1" />
                </results>
              </test-suite>
              <test-case name="_422BankApplicationSharp.testManager.testdeleteAccountFail" executed="True" result="Success" success="True" time="0.002" asserts="2" />
              <test-case name="_422BankApplicationSharp.testManager.testdeleteAccountSuccess" executed="True" result="Success" success="True" time="0.001" asserts="2" />
              <test-suite type="ParameterizedTest" name="testMangerCreation" executed="True" result="Success" success="True" time="0.099" asserts="0">
                <results>
                  <test-case name="_422BankApplicationSharp.testManager.testMangerCreation(0)" executed="True" result="Success" success="True" time="0.002" asserts="2" />
                  <test-case name="_422BankApplicationSharp.testManager.testMangerCreation(32)" executed="True" result="Success" success="True" time="0.000" asserts="2" />
                  <test-case name="_422BankApplicationSharp.testManager.testMangerCreation(64)" executed="True" result="Success" success="True" time="0.000" asserts="2" />
                  <test-case name="_422BankApplicationSharp.testManager.testMangerCreation(96)" executed="True" result="Success" success="True" time="0.000" asserts="2" />
                  <test-case name="_422BankApplicationSharp.testManager.testMangerCreation(128)" executed="True" result="Success" success="True" time="0.000" asserts="2" />
                  <test-case name="_422BankApplicationSharp.testManager.testMangerCreation(160)" executed="True" result="Success" success="True" time="0.000" asserts="2" />
                  <test-case name="_422BankApplicationSharp.testManager.testMangerCreation(192)" executed="True" result="Success" success="True" time="0.000" asserts="2" />
                  <test-case name="_422BankApplicationSharp.testManager.testMangerCreation(224)" executed="True" result="Success" success="True" time="0.000" asserts="2" />
                  <test-case name="_422BankApplicationSharp.testManager.testMangerCreation(256)" executed="True" result="Success" success="True" time="0.000" asserts="2" />
                  <test-case name="_422BankApplicationSharp.testManager.testMangerCreation(288)" executed="True" result="Success" success="True" time="0.000" asserts="2" />
                  <test-case name="_422BankApplicationSharp.testManager.testMangerCreation(320)" executed="True" result="Success" success="True" time="0.000" asserts="2" />
                  <test-case name="_422BankApplicationSharp.testManager.testMangerCreation(352)" executed="True" result="Success" success="True" time="0.000" asserts="2" />
                  <test-case name="_422BankApplicationSharp.testManager.testMangerCreation(384)" executed="True" result="Success" success="True" time="0.000" asserts="2" />
                  <test-case name="_422BankApplicationSharp.testManager.testMangerCreation(416)" executed="True" result="Success" success="True" time="0.000" asserts="2" />
                  <test-case name="_422BankApplicationSharp.testManager.testMangerCreation(448)" executed="True" result="Success" success="True" time="0.000" asserts="2" />
                  <test-case name="_422BankApplicationSharp.testManager.testMangerCreation(480)" executed="True" result="Success" success="True" time="0.000" asserts="2" />
                  <test-case name="_422BankApplicationSharp.testManager.testMangerCreation(512)" executed="True" result="Success" success="True" time="0.000" asserts="2" />
                  <test-case name="_422BankApplicationSharp.testManager.testMangerCreation(544)" executed="True" result="Success" success="True" time="0.000" asserts="2" />
                  <test-case name="_422BankApplicationSharp.testManager.testMangerCreation(576)" executed="True" result="Success" success="True" time="0.000" asserts="2" />
                  <test-case name="_422BankApplicationSharp.testManager.testMangerCreation(608)" executed="True" result="Success" success="True" time="0.000" asserts="2" />
                  <test-case name="_422BankApplicationSharp.testManager.testMangerCreation(640)" executed="True" result="Success" success="True" time="0.000" asserts="2" />
                  <test-case name="_422BankApplicationSharp.testManager.testMangerCreation(672)" executed="True" result="Success" success="True" time="0.000" asserts="2" />
                  <test-case name="_422BankApplicationSharp.testManager.testMangerCreation(704)" executed="True" result="Success" success="True" time="0.000" asserts="2" />
                  <test-case name="_422BankApplicationSharp.testManager.testMangerCreation(736)" executed="True" result="Success" success="True" time="0.000" asserts="2" />
                  <test-case name="_422BankApplicationSharp.testManager.testMangerCreation(768)" executed="True" result="Success" success="True" time="0.000" asserts="2" />
                  <test-case name="_422BankApplicationSharp.testManager.testMangerCreation(800)" executed="True" result="Success" success="True" time="0.000" asserts="2" />
                  <test-case name="_422BankApplicationSharp.testManager.testMangerCreation(832)" executed="True" result="Success" success="True" time="0.000" asserts="2" />
                  <test-case name="_422BankApplicationSharp.testManager.testMangerCreation(864)" executed="True" result="Success" success="True" time="0.000" asserts="2" />
                  <test-case name="_422BankApplicationSharp.testManager.testMangerCreation(896)" executed="True" result="Success" success="True" time="0.000" asserts="2" />
                  <test-case name="_422BankApplicationSharp.testManager.testMangerCreation(928)" executed="True" result="Success" success="True" time="0.000" asserts="2" />
                  <test-case name="_422BankApplicationSharp.testManager.testMangerCreation(960)" executed="True" result="Success" success="True" time="0.000" asserts="2" />
                  <test-case name="_422BankApplicationSharp.testManager.testMangerCreation(992)" executed="True" result="Success" success="True" time="0.000" asserts="2" />
                  <test-case name="_422BankApplicationSharp.testManager.testMangerCreation(1024)" executed="True" result="Success" success="True" time="0.000" asserts="2" />
                </results>
              </test-suite>
              <test-case name="_422BankApplicationSharp.testManager.testMangerCreationEmpty" executed="True" result="Success" success="True" time="0.001" asserts="2" />
              <test-case name="_422BankApplicationSharp.testManager.testUpdateAccountFail" executed="True" result="Success" success="True" time="0.000" asserts="4" />
              <test-case name="_422BankApplicationSharp.testManager.testUpdateAccountSuccess" executed="True" result="Success" success="True" time="0.001" asserts="3" />
            </results>
          </test-suite>
        </results>
      </test-suite>
    </results>
  </test-suite>
</test-results>